yurt-manager/templates/yurt-manager.yaml
yurt-manager/templates/yurt-manager-auto-generated.yaml
spiderpool/templates/pod.yaml
spiderpool/templates/serviceaccount.yaml
spiderpool/templates/tls.yaml
spiderpool/templates/configmap.yaml
spiderpool/templates/role.yaml
spiderpool/templates/role_binding.yaml
spiderpool/templates/sriov-network-operator/clusterrolebinding.yaml
spiderpool/templates/sriov-network-operator/role.yaml
spiderpool/templates/service.yaml
spiderpool/templates/daemonset.yaml
spiderpool/templates/deployment.yaml
spiderpool/templates/sriov-network-operator/operator.yaml
hwameistor/templates/serviceaccount.yaml
hwameistor/templates/scheduler-config.yaml
hwameistor/templates/storageclass.yaml
hwameistor/templates/clusterrole.yaml
hwameistor/templates/clusterrolebinding.yaml
hwameistor/templates/admission-controller.yaml
hwameistor/templates/api-server.yaml
hwameistor/templates/exporter.yaml
hwameistor/templates/ui.yaml
hwameistor/templates/local-disk-manager.yaml
hwameistor/templates/local-storage.yaml
hwameistor/templates/auditor.yaml
hwameistor/templates/evictor.yaml
hwameistor/templates/failover-assistant.yaml
hwameistor/templates/local-disk-action-controller.yaml
hwameistor/templates/local-disk-manager-csi-controller.yaml
hwameistor/templates/local-storage-csi-controller.yaml
hwameistor/templates/pvc-autoresizer.yaml
hwameistor/templates/scheduler.yaml
hwameistor/templates/post-install-claim-disks.yaml
